<?xml version="1.0" encoding="UTF-8"?>
<testsuite xmlns:xsi="http://www.w3.org/2001/XMLSchema-instance" xsi:noNamespaceSchemaLocation="https://maven.apache.org/surefire/maven-failsafe-plugin/xsd/failsafe-test-report-3.0.xsd" version="3.0" name="features.web.CucumberWebTestSuite" time="23.222" tests="3" errors="1" skipped="0" failures="1">
  <properties>
[...]
</properties>
  <testcase name="James sees all the product categories #1" classname="Navigate through product categories" time="15.281"/>
  <testcase name="James sees all the product categories #2" classname="Navigate through product categories" time="3.023">
    <error message="stale element reference: element is not attached to the page document&#10;  (Session info: chrome=89.0.4389.90)&#10;For documentation on this error, please visit: https://www.seleniumhq.org/exceptions/stale_element_reference.html&#10;Build info: version: &apos;3.141.59&apos;, revision: &apos;e82be7d358&apos;, time: &apos;2018-11-14T08:17:03&apos;&#10;System info: host: &apos;ESC02Y30UJJHD2&apos;, ip: &apos;fe80:0:0:0:4ac:4e6b:9347:4775%en0&apos;, os.name: &apos;Mac OS X&apos;, os.arch: &apos;x86_64&apos;, os.version: &apos;10.15.7&apos;, java.version: &apos;1.8.0_211&apos;&#10;Driver info: org.openqa.selenium.chrome.ChromeDriver&#10;Capabilities {acceptInsecureCerts: false, browserName: chrome, browserVersion: 89.0.4389.90, chrome: {chromedriverVersion: 88.0.4324.96 (68dba2d8a0b14..., userDataDir: /var/folders/xg/5yywx41j6qq...}, goog:chromeOptions: {debuggerAddress: localhost:62812}, javascriptEnabled: true, networkConnectionEnabled: false, pageLoadStrategy: normal, platform: MAC, platformName: MAC, proxy: Proxy(), setWindowRect: true, strictFileInteractability: false, timeouts: {implicit: 0, pageLoad: 300000, script: 30000}, unhandledPromptBehavior: dismiss and notify, webauthn:extension:largeBlob: true, webauthn:virtualAuthenticators: true}&#10;Session ID: 8d1b543b41421ca00183a9f08ad2534d" type="org.openqa.selenium.StaleElementReferenceException"><![CDATA[org.openqa.selenium.StaleElementReferenceException: 
stale element reference: element is not attached to the page document
  (Session info: chrome=89.0.4389.90)
For documentation on this error, please visit: https://www.seleniumhq.org/exceptions/stale_element_reference.html
Build info: version: '3.141.59', revision: 'e82be7d358', time: '2018-11-14T08:17:03'
System info: host: 'ESC02Y30UJJHD2', ip: 'fe80:0:0:0:4ac:4e6b:9347:4775%en0', os.name: 'Mac OS X', os.arch: 'x86_64', os.version: '10.15.7', java.version: '1.8.0_211'
Driver info: org.openqa.selenium.chrome.ChromeDriver
Capabilities {acceptInsecureCerts: false, browserName: chrome, browserVersion: 89.0.4389.90, chrome: {chromedriverVersion: 88.0.4324.96 (68dba2d8a0b14..., userDataDir: /var/folders/xg/5yywx41j6qq...}, goog:chromeOptions: {debuggerAddress: localhost:62812}, javascriptEnabled: true, networkConnectionEnabled: false, pageLoadStrategy: normal, platform: MAC, platformName: MAC, proxy: Proxy(), setWindowRect: true, strictFileInteractability: false, timeouts: {implicit: 0, pageLoad: 300000, script: 30000}, unhandledPromptBehavior: dismiss and notify, webauthn:extension:largeBlob: true, webauthn:virtualAuthenticators: true}
Session ID: 8d1b543b41421ca00183a9f08ad2534d
]]></error>
    <system-out><![CDATA[
@Frontend:WebFE
Scenario Outline: James sees all the product categories &amp#27;[90m# src/test/resources/features/web/navigate_product_categoires.feature:13&amp#27;[0m
  &amp#27;[32mGiven &amp#27;[0m&amp#27;[32mJames lands to home page&amp#27;[0m                        &amp#27;[90m# features.web.step_definitions.HomePageStepsDefinitions.jamesLandsToHomePage()&amp#27;[0m
  &amp#27;[32mWhen &amp#27;[0m&amp#27;[32mhe chooses the category &amp#27;[0m&amp#27;[32m&amp#27;[1m"Laptops"&amp#27;[0m                &amp#27;[90m# features.web.step_definitions.HomePageStepsDefinitions.heChoosesTheCategory(java.lang.String)&amp#27;[0m
  &amp#27;[32mThen &amp#27;[0m&amp#27;[32mthe results list is shown&amp#27;[0m                        &amp#27;[90m# features.web.step_definitions.HomePageStepsDefinitions.theResultsListIsShown()&amp#27;[0m
  &amp#27;[31mAnd &amp#27;[0m&amp#27;[31mthe following model &amp#27;[0m&amp#27;[31m&amp#27;[1m"Sony vaio i5"&amp#27;[0m&amp#27;[31m is shown&amp#27;[0m       &amp#27;[90m# features.web.step_definitions.HomePageStepsDefinitions.theFollowingModelIsShown(java.lang.String)&amp#27;[0m
      &amp#27;[31morg.openqa.selenium.StaleElementReferenceException: stale element reference: element is not attached to the page document
  (Session info: chrome=89.0.4389.90)
For documentation on this error, please visit: https://www.seleniumhq.org/exceptions/stale_element_reference.html
Build info: version: '3.141.59', revision: 'e82be7d358', time: '2018-11-14T08:17:03'
System info: host: 'ESC02Y30UJJHD2', ip: 'fe80:0:0:0:4ac:4e6b:9347:4775%en0', os.name: 'Mac OS X', os.arch: 'x86_64', os.version: '10.15.7', java.version: '1.8.0_211'
Driver info: org.openqa.selenium.chrome.ChromeDriver
Capabilities {acceptInsecureCerts: false, browserName: chrome, browserVersion: 89.0.4389.90, chrome: {chromedriverVersion: 88.0.4324.96 (68dba2d8a0b14..., userDataDir: /var/folders/xg/5yywx41j6qq...}, goog:chromeOptions: {debuggerAddress: localhost:62812}, javascriptEnabled: true, networkConnectionEnabled: false, pageLoadStrategy: normal, platform: MAC, platformName: MAC, proxy: Proxy(), setWindowRect: true, strictFileInteractability: false, timeouts: {implicit: 0, pageLoad: 300000, script: 30000}, unhandledPromptBehavior: dismiss and notify, webauthn:extension:largeBlob: true, webauthn:virtualAuthenticators: true}
Session ID: 8d1b543b41421ca00183a9f08ad2534d
	at sun.reflect.NativeConstructorAccessorImpl.newInstance0(Native Method)
	at sun.reflect.NativeConstructorAccessorImpl.newInstance(NativeConstructorAccessorImpl.java:62)
	at sun.reflect.DelegatingConstructorAccessorImpl.newInstance(DelegatingConstructorAccessorImpl.java:45)
	at java.lang.reflect.Constructor.newInstance(Constructor.java:423)
	at org.openqa.selenium.remote.http.W3CHttpResponseCodec.createException(W3CHttpResponseCodec.java:187)
	at org.openqa.selenium.remote.http.W3CHttpResponseCodec.decode(W3CHttpResponseCodec.java:122)
	at org.openqa.selenium.remote.http.W3CHttpResponseCodec.decode(W3CHttpResponseCodec.java:49)
	at org.openqa.selenium.remote.HttpCommandExecutor.execute(HttpCommandExecutor.java:158)
	at org.openqa.selenium.remote.service.DriverCommandExecutor.execute(DriverCommandExecutor.java:83)
	at org.openqa.selenium.remote.RemoteWebDriver.execute(RemoteWebDriver.java:552)
	at org.openqa.selenium.remote.RemoteWebElement.execute(RemoteWebElement.java:285)
	at org.openqa.selenium.remote.RemoteWebElement.getText(RemoteWebElement.java:166)
	at net.serenitybdd.core.pages.WebElementFacadeImpl.getText(WebElementFacadeImpl.java:1147)
	at java.util.stream.ReferencePipeline$3$1.accept(ReferencePipeline.java:193)
	at java.util.ArrayList$ArrayListSpliterator.forEachRemaining(ArrayList.java:1382)
	at java.util.stream.AbstractPipeline.copyInto(AbstractPipeline.java:481)
	at java.util.stream.AbstractPipeline.wrapAndCopyInto(AbstractPipeline.java:471)
	at java.util.stream.ReduceOps$ReduceOp.evaluateSequential(ReduceOps.java:708)
	at java.util.stream.AbstractPipeline.evaluate(AbstractPipeline.java:234)
	at java.util.stream.ReferencePipeline.collect(ReferencePipeline.java:499)
	at features.web.search.SearchResult.getListModelsTitle(SearchResult.java:25)
	at features.web.search.SearchResult$ByteBuddy$dAYsTBn3.getListModelsTitle$accessor$sTzWGut1(Unknown Source)
	at sun.reflect.NativeMethodAccessorImpl.invoke0(Native Method)
	at sun.reflect.NativeMethodAccessorImpl.invoke(NativeMethodAccessorImpl.java:62)
	at sun.reflect.DelegatingMethodAccessorImpl.invoke(DelegatingMethodAccessorImpl.java:43)
	at java.lang.reflect.Method.invoke(Method.java:498)
	at net.thucydides.core.steps.StepInterceptor.invokeMethod(StepInterceptor.java:492)
	at net.thucydides.core.steps.StepInterceptor.executeTestStepMethod(StepInterceptor.java:472)
	at net.thucydides.core.steps.StepInterceptor.runTestStep(StepInterceptor.java:445)
	at net.thucydides.core.steps.StepInterceptor.runOrSkipMethod(StepInterceptor.java:201)
	at net.thucydides.core.steps.StepInterceptor.testStepResult(StepInterceptor.java:188)
	at net.thucydides.core.steps.StepInterceptor.intercept(StepInterceptor.java:76)
	at net.thucydides.core.steps.ProxyConfiguration$InterceptorDispatcher.intercept(ProxyConfiguration.java:51)
	at features.web.search.SearchResult$ByteBuddy$dAYsTBn3.getListModelsTitle(Unknown Source)
	at features.web.step_definitions.HomePageStepsDefinitions.theFollowingModelIsShown(HomePageStepsDefinitions.java:40)
	at ✽.the following model "Sony vaio i5" is shown(file:///Users/franciscojaviersanchezdelrosario/wks/adidas/adidas-test-automation/src/test/resources/features/web/navigate_product_categoires.feature:8)
&amp#27;[0m
]]></system-out>
    <system-err><![CDATA[[main] INFO io.cucumber.core.plugin.SerenityReporter - Running feature from file:///Users/franciscojaviersanchezdelrosario/wks/adidas/adidas-test-automation/src/test/resources/features/web/navigate_product_categoires.feature
]]></system-err>
  </testcase>
  <testcase name="James sees all the product categories #3" classname="Navigate through product categories" time="2.382">
    <failure message="&#10;Expecting ArrayList:&#10; &lt;[&quot;Samsung galaxy s6&quot;,&#10;    &quot;Nokia lumia 1520&quot;,&#10;    &quot;Nexus 6&quot;,&#10;    &quot;Samsung galaxy s7&quot;,&#10;    &quot;Iphone 6 32gb&quot;,&#10;    &quot;Sony xperia z5&quot;,&#10;    &quot;HTC One M9&quot;,&#10;    &quot;Sony vaio i5&quot;,&#10;    &quot;Sony vaio i7&quot;]&gt;&#10;to contain:&#10; &lt;[&quot;Apple monitor 24&quot;]&gt;&#10;but could not find the following element(s):&#10; &lt;[&quot;Apple monitor 24&quot;]&gt;&#10;" type="java.lang.AssertionError"><![CDATA[java.lang.AssertionError: 

Expecting ArrayList:
 <["Samsung galaxy s6",
    "Nokia lumia 1520",
    "Nexus 6",
    "Samsung galaxy s7",
    "Iphone 6 32gb",
    "Sony xperia z5",
    "HTC One M9",
    "Sony vaio i5",
    "Sony vaio i7"]>
to contain:
 <["Apple monitor 24"]>
but could not find the following element(s):
 <["Apple monitor 24"]>

]]></failure>
    <system-out><![CDATA[
@Frontend:WebFE
Scenario Outline: James sees all the product categories &amp#27;[90m# src/test/resources/features/web/navigate_product_categoires.feature:14&amp#27;[0m
  &amp#27;[32mGiven &amp#27;[0m&amp#27;[32mJames lands to home page&amp#27;[0m                        &amp#27;[90m# features.web.step_definitions.HomePageStepsDefinitions.jamesLandsToHomePage()&amp#27;[0m
  &amp#27;[32mWhen &amp#27;[0m&amp#27;[32mhe chooses the category &amp#27;[0m&amp#27;[32m&amp#27;[1m"Monitors"&amp#27;[0m               &amp#27;[90m# features.web.step_definitions.HomePageStepsDefinitions.heChoosesTheCategory(java.lang.String)&amp#27;[0m
  &amp#27;[32mThen &amp#27;[0m&amp#27;[32mthe results list is shown&amp#27;[0m                        &amp#27;[90m# features.web.step_definitions.HomePageStepsDefinitions.theResultsListIsShown()&amp#27;[0m
  &amp#27;[31mAnd &amp#27;[0m&amp#27;[31mthe following model &amp#27;[0m&amp#27;[31m&amp#27;[1m"Apple monitor 24"&amp#27;[0m&amp#27;[31m is shown&amp#27;[0m   &amp#27;[90m# features.web.step_definitions.HomePageStepsDefinitions.theFollowingModelIsShown(java.lang.String)&amp#27;[0m
      &amp#27;[31mjava.lang.AssertionError: 
Expecting ArrayList:
 <["Samsung galaxy s6",
    "Nokia lumia 1520",
    "Nexus 6",
    "Samsung galaxy s7",
    "Iphone 6 32gb",
    "Sony xperia z5",
    "HTC One M9",
    "Sony vaio i5",
    "Sony vaio i7"]>
to contain:
 <["Apple monitor 24"]>
but could not find the following element(s):
 <["Apple monitor 24"]>

	at features.web.step_definitions.HomePageStepsDefinitions.theFollowingModelIsShown(HomePageStepsDefinitions.java:40)
	at ✽.the following model "Apple monitor 24" is shown(file:///Users/franciscojaviersanchezdelrosario/wks/adidas/adidas-test-automation/src/test/resources/features/web/navigate_product_categoires.feature:8)
&amp#27;[0m
]]></system-out>
    <system-err><![CDATA[[main] ERROR  - &amp#27;[91m--------------
- TEST ERROR -
--------------

James sees all the product categories
--------------&amp#27;[0m
[main] ERROR  - &amp#27;[91m    Test failed at step: The category model&amp#27;[0m
[main] ERROR  - &amp#27;[91m    stale element reference: element is not attached to the page document&amp#27;[0m
[main] INFO io.cucumber.core.plugin.SerenityReporter - Running feature from file:///Users/franciscojaviersanchezdelrosario/wks/adidas/adidas-test-automation/src/test/resources/features/web/navigate_product_categoires.feature
]]></system-err>
  </testcase>
</testsuite>